AC148152.3_FG006  AC148152.3_FG006  AC148152.3_FG006  Chr2:231237971-231241387   B73.s  Mo17.s  NOTEST   0.0125804   0            -1.79769e+308  -1.79769e+308  0.32736      1            no
AC148152.3_FG008  AC148152.3_FG008  AC148152.3_FG008  Chr2:231209190-231213723   B73.s  Mo17.s  OK       5.83386     0.0236324    -5.50882       4.61461        3.93829e-06  0.000124139  yes
AC148167.6_FG001  AC148167.6_FG001  AC148167.6_FG001  Chr7:11663430-11671232     B73.s  Mo17.s  OK       14.539      14.2519      -0.0199491     0.023067       0.981597     1.04126      no
AC149475.2_FG003  AC149475.2_FG003  AC149475.2_FG003  Chr9:152490485-152495067   B73.s  Mo17.s  OK       81.7656     50.8097      -0.475769      0.47825        0.632472     0.880662     no
AC149810.2_FG008  AC149810.2_FG008  AC149810.2_FG008  Chr9:151631158-151633751   B73.s  Mo17.s  OK       0.483528    15.9389      3.49541        -3.43503       0.000592497  0.00851925   yes
AC149818.2_FG005  AC149818.2_FG005  AC149818.2_FG005  Chr9:152441239-152442457   B73.s  Mo17.s  NOTEST   0.355355    0            -1.79769e+308  -1.79769e+308  0.100765     1            no
AC149829.2_FG002  AC149829.2_FG002  AC149829.2_FG002  Chr9:151116516-151116771   B73.s  Mo17.s  OK       1.79674     5.96335      1.19966        -1.07268       0.283416     0.561236     no
AC149829.2_FG003  AC149829.2_FG003  AC149829.2_FG003  Chr9:151118219-151121978   B73.s  Mo17.s  OK       12.6834     4.46098      -1.04493       1.17784        0.238859     0.501249     no
AC152495.1_FG013  AC152495.1_FG013  AC152495.1_FG013  Chr10:3393688-3396738      B73.s  Mo17.s  NOTEST   0           0            0              0              1            1            no
AC155352.2_FG001  AC155352.2_FG001  AC155352.2_FG001  Chr2:34720872-34723703     B73.s  Mo17.s  NOTEST   0.0887383   0.269653     1.11145        -1.00548       0.314668     1            no
AC155496.2_FG009  AC155496.2_FG009  AC155496.2_FG009  Chr5:4777028-4786789       B73.s  Mo17.s  OK       19.1608     17.1163      -0.112836      0.12593        0.899788     1.01035      no
AC155624.2_FG011  AC155624.2_FG011  AC155624.2_FG011  Chr1:8290351-8293428       B73.s  Mo17.s  OK       11.7633     10.1176      -0.150708      0.155949       0.876073     0.999747     no
AC166636.1_FG007  AC166636.1_FG007  AC166636.1_FG007  Chr1:19972337-19973182     B73.s  Mo17.s  OK       4.27074     0            -1.79769e+308  -1.79769e+308  0.0896458    0.327168     no
AC177831.3_FG004  AC177831.3_FG004  AC177831.3_FG004  Chr2:49116208-49119186     B73.s  Mo17.s  OK       0.837396    0            -1.79769e+308  -1.79769e+308  0.105349     0.27982      no
AC177833.2_FG001  AC177833.2_FG001  AC177833.2_FG001  Chr2:110063477-110067338   B73.s  Mo17.s  NOTEST   0           0            0              0              1            1            no
AC177850.2_FG005  AC177850.2_FG005  AC177850.2_FG005  Chr1:18191143-18200221     B73.s  Mo17.s  OK       13.2346     5.23686      -0.927116      0.943337       0.345509     0.636748     no
AC177908.3_FG002  AC177908.3_FG002  AC177908.3_FG002  Chr1:72799952-72805415     B73.s  Mo17.s  OK       15.2623     31.8531      0.735752       -0.826439      0.408555     0.70405      no
AC177926.2_FG003  AC177926.2_FG003  AC177926.2_FG003  Chr1:295596329-295596986   B73.s  Mo17.s  NOTEST   0           0            0              0              1            1            no
AC183315.4_FG006  AC183315.4_FG006  AC183315.4_FG006  Chr3:28221286-28223015     B73.s  Mo17.s  OK       2.77826     15.6102      1.7261         -1.71063       0.0871496    0.325239     no
AC183319.3_FG001  AC183319.3_FG001  AC183319.3_FG001  Chr3:37159270-37160060     B73.s  Mo17.s  OK       0           0.78608      1.79769e+308   1.79769e+308   0.100765     0.321646     no
AC183509.1_FG001  AC183509.1_FG001  AC183509.1_FG001  Chr3:135565391-135566421   B73.s  Mo17.s  NOTEST   0           0            0              0              1            1            no
AC184116.3_FG001  AC184116.3_FG001  AC184116.3_FG001  Chr7:60253112-60253796     B73.s  Mo17.s  NOTEST   0           0            0              0              1            1            no
AC184794.2_FG003  AC184794.2_FG003  AC184794.2_FG003  Chr4:86443073-86444800     B73.s  Mo17.s  NOTEST   0           0            0              0              1            1            no
AC184831.3_FG008  AC184831.3_FG008  AC184831.3_FG008  Chr4:238557056-238557902   B73.s  Mo17.s  NOTEST   0           0            0              0              1            1            no
AC185460.3_FG004  AC185460.3_FG004  AC185460.3_FG004  Chr5:183645860-183646790   B73.s  Mo17.s  NOTEST   0           0            0              0              1            1            no
AC185471.3_FG005  AC185471.3_FG005  AC185471.3_FG005  Chr4:166914778-166925328   B73.s  Mo17.s  OK       0.776386    0.121647     -1.85352       1.56593        0.117366     0.302276     no
AC185500.3_FG001  AC185500.3_FG001  AC185500.3_FG001  Chr3:180898312-180899547   B73.s  Mo17.s  NOTEST   0           0            0              0              1            1            no
AC185611.3_FG001  AC185611.3_FG001  AC185611.3_FG001  Chr1:206794908-206795232   B73.s  Mo17.s  NOTEST   0           0            0              0              1            1            no
AC185623.4_FG010  AC185623.4_FG010  AC185623.4_FG010  Chr4:157627348-157627609   B73.s  Mo17.s  NOTEST   0           0.708346     1.79769e+308   1.79769e+308   0.100194     1            no
AC185655.3_FG004  AC185655.3_FG004  AC185655.3_FG004  Chr2:39291420-39292839     B73.s  Mo17.s  NOTEST   0           0            0              0              1            1            no
AC186309.3_FG002  AC186309.3_FG002  AC186309.3_FG002  Chr5:38325634-38326853     B73.s  Mo17.s  NOTEST   0           0            0              0              1            1            no
AC186417.3_FG006  AC186417.3_FG006  AC186417.3_FG006  Chr1:13087619-13088273     B73.s  Mo17.s  NOTEST   0           0            0              0              1            1            no
AC186433.4_FG001  AC186433.4_FG001  AC186433.4_FG001  Chr6:86277616-86278228     B73.s  Mo17.s  NOTEST   0.0587781   0            -1.79769e+308  -1.79769e+308  0.158655     1            no
AC186519.4_FG002  AC186519.4_FG002  AC186519.4_FG002  Chr1:258673892-258674273   B73.s  Mo17.s  NOTEST   0           1.08042      1.79769e+308   1.79769e+308   0.101643     1            no
AC186619.3_FG001  AC186619.3_FG001  AC186619.3_FG001  Chr1:207334377-207335651   B73.s  Mo17.s  NOTEST   0           0            0              0              1            1            no
AC186800.3_FG005  AC186800.3_FG005  AC186800.3_FG005  Chr7:138373626-138374157   B73.s  Mo17.s  NOTEST   0           0            0              0              1            1            no
AC186897.4_FG016  AC186897.4_FG016  AC186897.4_FG016  Chr8:13175773-13176205     B73.s  Mo17.s  NOTEST   0           0            0              0              1            1            no
AC187037.4_FG008  AC187037.4_FG008  AC187037.4_FG008  Chr8:147713491-147714098   B73.s  Mo17.s  NOTEST   0           0            0              0              1            1            no
AC187046.3_FG009  AC187046.3_FG009  AC187046.3_FG009  Chr7:162096142-162097954   B73.s  Mo17.s  NOTEST   0           0            0              0              1            1            no
AC187283.3_FG005  AC187283.3_FG005  AC187283.3_FG005  Chr6:85608191-85608440     B73.s  Mo17.s  NOTEST   0           0            0              0              1            1            no
AC187802.3_FG008  AC187802.3_FG008  AC187802.3_FG008  Chr6:157777254-157778533   B73.s  Mo17.s  NOTEST   0           0            0              0              1            1            no
AC187843.3_FG006  AC187843.3_FG006  AC187843.3_FG006  Chr10:7440079-7440550      B73.s  Mo17.s  OK       2.61866     0.284198     -2.22075       2.08837        0.0367648    0.198053     no
AC188003.3_FG012  AC188003.3_FG012  AC188003.3_FG012  Chr4:1078562-1091089       B73.s  Mo17.s  OK       0           0            0              0              1            1.03112      no
AC188023.3_FG005  AC188023.3_FG005  AC188023.3_FG005  Chr6:165316788-165317941   B73.s  Mo17.s  OK       35.6678     15.3914      -0.840437      0.933426       0.3506       0.642949     no
AC188134.2_FG011  AC188134.2_FG011  AC188134.2_FG011  Chr5:211701635-211703692   B73.s  Mo17.s  NOTEST   0           0            0              0              1            1            no
AC188718.3_FG005  AC188718.3_FG005  AC188718.3_FG005  Chr7:125582529-125584552   B73.s  Mo17.s  OK       0           0            0              0              1            1.03022      no
AC188757.4_FG004  AC188757.4_FG004  AC188757.4_FG004  Chr9:121598645-121599446   B73.s  Mo17.s  NOTEST   0.0188799   0.0799807    1.44369        -0.667495      0.504456     1            no
AC188831.3_FG005  AC188831.3_FG005  AC188831.3_FG005  Chr2:9495923-9496382       B73.s  Mo17.s  OK       1.11595     2.58116      0.838537       -0.749584      0.453505     0.746223     no
AC188838.3_FG005  AC188838.3_FG005  AC188838.3_FG005  Chr6:150658482-150660391   B73.s  Mo17.s  OK       1.93979     0.564529     -1.23434       1.11054        0.266767     0.539514     no
AC190570.3_FG003  AC190570.3_FG003  AC190570.3_FG003  Chr1:230766943-230768623   B73.s  Mo17.s  NOTEST   0           0            0              0              1            1            no
AC190609.3_FG005  AC190609.3_FG005  AC190609.3_FG005  Chr4:194316919-194317327   B73.s  Mo17.s  NOTEST   0           0            0              0              1            1            no
AC190623.3_FG002  AC190623.3_FG002  AC190623.3_FG002  Chr3:192039427-192042682   B73.s  Mo17.s  NOTEST   0.125611    0            -1.79769e+308  -1.79769e+308  0.102726     1            no
AC190628.4_FG007  AC190628.4_FG007  AC190628.4_FG007  Chr4:181782173-181790662   B73.s  Mo17.s  OK       42.4077     10.5454      -1.39164       0.553268       0.58008      0.846322     no
AC190677.3_FG003  AC190677.3_FG003  AC190677.3_FG003  Chr2:104040063-104040735   B73.s  Mo17.s  NOTEST   0           0            0              0              1            1            no
AC190701.3_FG001  AC190701.3_FG001  AC190701.3_FG001  Chr3:44554597-44560478     B73.s  Mo17.s  NOTEST   0           0            0              0              1            1            no
AC190750.2_FG014  AC190750.2_FG014  AC190750.2_FG014  Chr2:2997710-3001870       B73.s  Mo17.s  OK       12.8673     19.8382      0.432922       -0.493932      0.621354     0.874046     no
AC190756.4_FG007  AC190756.4_FG007  AC190756.4_FG007  Chr9:16106196-16107330     B73.s  Mo17.s  NOTEST   0           0            0              0              1            1            no
AC190763.3_FG002  AC190763.3_FG002  AC190763.3_FG002  Chr1:145489226-145489712   B73.s  Mo17.s  NOTEST   0           0            0              0              1            1            no
AC190933.3_FG004  AC190933.3_FG004  AC190933.3_FG004  Chr3:16614399-16616261     B73.s  Mo17.s  OK       2.74779     0.499069     -1.70581       1.53191        0.125544     0.317851     no
AC191009.3_FG004  AC191009.3_FG004  AC191009.3_FG004  Chr1:298501322-298503474   B73.s  Mo17.s  OK       18.3763     25.7043      0.335594       -0.336361      0.736598     0.939655     no
AC191069.3_FG004  AC191069.3_FG004  AC191069.3_FG004  Chr8:37657959-37661681     B73.s  Mo17.s  OK       9.07601     11.4719      0.23427        -0.234293      0.814757     0.975066     no
AC191071.3_FG001  AC191071.3_FG001  AC191071.3_FG001  Chr9:150221782-150225053   B73.s  Mo17.s  OK       0           0            0              0              1            1.03137      no
AC191113.2_FG002  AC191113.2_FG002  AC191113.2_FG002  Chr2:6354512-6356489       B73.s  Mo17.s  OK       18.7079     36.6108      0.6714         -0.735618      0.461963     0.754523     no
AC191251.3_FG005  AC191251.3_FG005  AC191251.3_FG005  Chr5:4975278-4996060       B73.s  Mo17.s  OK       2.55737     4.08005      0.46713        -0.446723      0.655075     0.89539      no
AC191412.3_FG005  AC191412.3_FG005  AC191412.3_FG005  Chr4:198870614-198910724   B73.s  Mo17.s  OK       0           0            0              0              1            1.03892      no
AC191421.3_FG001  AC191421.3_FG001  AC191421.3_FG001  UNKNOWN:2559066-2559525    B73.s  Mo17.s  NOTEST   0           0            0              0              1            1            no
AC191568.3_FG010  AC191568.3_FG010  AC191568.3_FG010  Chr3:26085713-26087287     B73.s  Mo17.s  NOTEST   0           0            0              0              1            1            no
AC191598.3_FG007  AC191598.3_FG007  AC191598.3_FG007  Chr9:150235254-150236603   B73.s  Mo17.s  NOTEST   0           0.120107     1.79769e+308   1.79769e+308   0.158655     1            no
AC191654.3_FG004  AC191654.3_FG004  AC191654.3_FG004  Chr2:16355784-16356291     B73.s  Mo17.s  NOTEST   0           0            0              0              1            1            no
AC192362.3_FG002  AC192362.3_FG002  AC192362.3_FG002  Chr1:230122831-230123475   B73.s  Mo17.s  OK       2.63926     6.36418      0.880187       -0.809976      0.417954     0.713022     no
AC193598.3_FG002  AC193598.3_FG002  AC193598.3_FG002  Chr6:5503429-5507323       B73.s  Mo17.s  OK       0.195579    2.53903      2.56357        -2.46303       0.0137768    0.0989937    no
AC193630.3_FG003  AC193630.3_FG003  AC193630.3_FG003  Chr9:19931556-19933396     B73.s  Mo17.s  OK       0           1.25455      1.79769e+308   1.79769e+308   0.102897     0.30329      no
AC193754.3_FG008  AC193754.3_FG008  AC193754.3_FG008  Chr2:35880817-35882857     B73.s  Mo17.s  OK       1.97602     3.10701      0.452576       -0.450224      0.652549     0.893562     no
AC194101.3_FG001  AC194101.3_FG001  AC194101.3_FG001  Chr3:99477427-99478261     B73.s  Mo17.s  NOTEST   0           0            0              0              1            1            no
AC194104.3_FG007  AC194104.3_FG007  AC194104.3_FG007  Chr10:5388173-5389202      B73.s  Mo17.s  NOTEST   0           0            0              0              1            1            no
AC194180.3_FG004  AC194180.3_FG004  AC194180.3_FG004  Chr4:189240290-189241221   B73.s  Mo17.s  NOTEST   0           0            0              0              1            1            no
AC194264.3_FG006  AC194264.3_FG006  AC194264.3_FG006  Chr1:205501855-205505681   B73.s  Mo17.s  OK       8.7628      11.3578      0.259385       -0.267378      0.789178     0.965109     no
AC194335.3_FG001  AC194335.3_FG001  AC194335.3_FG001  Chr4:37598518-37599609     B73.s  Mo17.s  NOTEST   0           0            0              0              1            1            no
AC194362.3_FG003  AC194362.3_FG003  AC194362.3_FG003  Chr3:231992587-231993990   B73.s  Mo17.s  NOTEST   0.122134    0            -1.79769e+308  -1.79769e+308  0.0786496    1            no
AC194402.2_FG004  AC194402.2_FG004  AC194402.2_FG004  Chr5:14653636-14654221     B73.s  Mo17.s  OK       1.73761     0.0795931    -3.08334       2.40892        0.0159997    0.110935     no
AC194428.3_FG006  AC194428.3_FG006  AC194428.3_FG006  Chr1:5016683-5020549       B73.s  Mo17.s  OK       0           0.146555     1.79769e+308   1.79769e+308   0.100678     0.322437     no
AC194472.3_FG001  AC194472.3_FG001  AC194472.3_FG001  Chr2:216057910-216059193   B73.s  Mo17.s  NOTEST   0.085955    0.367793     1.4537         -0.750686      0.452842     1            no
AC194852.3_FG007  AC194852.3_FG007  AC194852.3_FG007  Chr6:103636710-103638258   B73.s  Mo17.s  NOTEST   0           0            0              0              1            1            no
AC194856.3_FG002  AC194856.3_FG002  AC194856.3_FG002  Chr1:116709785-116709992   B73.s  Mo17.s  NOTEST   0           0.419267     1.79769e+308   1.79769e+308   0.158655     1            no
AC194863.3_FG004  AC194863.3_FG004  AC194863.3_FG004  Chr1:8573834-8577024       B73.s  Mo17.s  NOTEST   0           0            0              0              1            1            no
AC194914.3_FG002  AC194914.3_FG002  AC194914.3_FG002  Chr1:99538427-99539066     B73.s  Mo17.s  OK       9.76166     16.2794      0.511436       -0.501087      0.61631      0.870625     no
AC194970.5_FG002  AC194970.5_FG002  AC194970.5_FG002  Chr2:207226556-207227722   B73.s  Mo17.s  OK       8.14662     4.33854      -0.630066      0.591711       0.554044     0.827771     no
AC194970.5_FG005  AC194970.5_FG005  AC194970.5_FG005  Chr2:207251166-207255709   B73.s  Mo17.s  OK       47.8156     37.5283      -0.242258      0.281079       0.77865      0.960133     no
AC195138.3_FG004  AC195138.3_FG004  AC195138.3_FG004  Chr7:163591739-163592914   B73.s  Mo17.s  NOTEST   0           0            0              0              1            1            no
AC195147.3_FG008  AC195147.3_FG008  AC195147.3_FG008  Chr7:168081765-168082344   B73.s  Mo17.s  OK       1.20644     0            -1.79769e+308  -1.79769e+308  0.102907     0.303103     no
AC195154.3_FG004  AC195154.3_FG004  AC195154.3_FG004  Chr3:203500962-203507842   B73.s  Mo17.s  OK       3.53578     16.0699      1.51401        -1.68419       0.0921444    0.329307     no
AC195235.3_FG003  AC195235.3_FG003  AC195235.3_FG003  Chr2:13459176-13467511     B73.s  Mo17.s  OK       0           0            0              0              1            1.0361       no
AC195340.3_FG004  AC195340.3_FG004  AC195340.3_FG004  Chr5:5377799-5382786       B73.s  Mo17.s  OK       5.11847     2.55667      -0.69415       0.769832       0.4414       0.735174     no
AC195484.3_FG003  AC195484.3_FG003  AC195484.3_FG003  Chr7:93389140-93391776     B73.s  Mo17.s  NOTEST   0           0.107283     1.79769e+308   1.79769e+308   0.10002      1            no
AC195874.2_FG002  AC195874.2_FG002  AC195874.2_FG002  Chr2:219552658-219558699   B73.s  Mo17.s  OK       73.8776     92.6308      0.226212       -0.24395       0.80727      0.971989     no
AC195946.3_FG003  AC195946.3_FG003  AC195946.3_FG003  Chr8:66401911-66402175     B73.s  Mo17.s  NOTEST   0           0            0              0              1            1            no
AC196025.3_FG010  AC196025.3_FG010  AC196025.3_FG010  Chr5:71060760-71061341     B73.s  Mo17.s  NOTEST   0           0            0              0              1            1            no
AC196059.3_FG003  AC196059.3_FG003  AC196059.3_FG003  Chr9:150711345-150714357   B73.s  Mo17.s  OK       25.3004     0.785289     -3.47252       3.41338        0.000641629  0.0090432    yes
AC196130.3_FG002  AC196130.3_FG002  AC196130.3_FG002  Chr3:161259782-161259983   B73.s  Mo17.s  NOTEST   0           0            0              0              1            1            no
AC196154.3_FG014  AC196154.3_FG014  AC196154.3_FG014  Chr4:236906777-236907095   B73.s  Mo17.s  NOTEST   0           0            0              0              1            1            no
